2026-02-11 13:03:12,320 - INFO - --- Starting AnonifyDB Engine ---
2026-02-11 13:03:12,343 - INFO - Step 1: Generating 100 synthetic records...
2026-02-11 13:03:12,426 - INFO - Step 2: Starting transformation of 100 records...
2026-02-11 13:03:12,911 - INFO - Step 3: Exporting data to CSV...
2026-02-11 13:03:12,913 - INFO - ==================================================
2026-02-11 13:03:12,913 - INFO - ?? PERFORMANCE SUMMARY
2026-02-11 13:03:12,914 - INFO - Total Rows Processed: 100
2026-02-11 13:03:12,914 - INFO - Total Time Taken:     0.57 seconds
2026-02-11 13:03:12,914 - INFO - Throughput:           175.23 rows/sec
2026-02-11 13:03:12,914 - INFO - ==================================================
2026-02-11 13:03:12,914 - INFO - ? Anonymization process completed successfully.
2026-02-11 13:03:12,914 - INFO - Database connection closed.
2026-02-11 13:04:34,204 - INFO - --- Starting AnonifyDB Engine ---
2026-02-11 13:04:34,223 - INFO - Step 1: Generating 100 synthetic records...
2026-02-11 13:04:34,261 - INFO - ?? Starting Stress Test Generator: Creating 100 rows...
2026-02-11 13:04:34,295 - INFO - ? Batch inserted: 100 rows so far...
2026-02-11 13:04:34,295 - INFO - ?? Database populated with 100 synthetic records.
2026-02-11 13:04:34,295 - INFO - Step 2: Starting transformation of 100 records...
2026-02-11 13:04:34,297 - INFO - Transforming data from 'users_raw' to 'users_masked'...
2026-02-11 13:04:34,744 - INFO - Transformation completed successfully.
2026-02-11 13:04:34,744 - INFO - Step 3: Exporting data to CSV...
2026-02-11 13:04:34,748 - INFO - ==================================================
2026-02-11 13:04:34,748 - INFO - ?? PERFORMANCE SUMMARY
2026-02-11 13:04:34,748 - INFO - Total Rows Processed: 100
2026-02-11 13:04:34,748 - INFO - Total Time Taken:     0.53 seconds
2026-02-11 13:04:34,748 - INFO - Throughput:           190.37 rows/sec
2026-02-11 13:04:34,748 - INFO - ==================================================
2026-02-11 13:04:34,748 - INFO - ? Anonymization process completed successfully.
2026-02-11 13:04:34,755 - INFO - Database connection closed.
2026-02-11 12:10:54,509 - INFO - --- Starting AnonifyDB Engine ---
2026-02-11 12:10:54,525 - INFO - Step 1: Generating 100 synthetic records...
2026-02-11 12:10:54,578 - INFO - ?? Starting Stress Test Generator: Creating 100 rows...
2026-02-11 12:10:54,599 - INFO - ? Batch inserted: 100 rows so far...
2026-02-11 12:10:54,599 - INFO - ?? Database populated with 100 synthetic records.
2026-02-11 12:10:54,599 - INFO - Step 2: Starting transformation of 100 records...
2026-02-11 12:10:54,603 - INFO - Transforming data from 'users_raw' to 'users_masked'...
2026-02-11 12:10:55,008 - INFO - Transformation completed successfully.
2026-02-11 12:10:55,008 - INFO - Step 3: Exporting data to CSV...
2026-02-11 12:10:55,010 - INFO - ==================================================
2026-02-11 12:10:55,010 - INFO - ?? PERFORMANCE SUMMARY
2026-02-11 12:10:55,011 - INFO - Total Rows Processed: 100
2026-02-11 12:10:55,011 - INFO - Total Time Taken:     0.48 seconds
2026-02-11 12:10:55,011 - INFO - Throughput:           206.21 rows/sec
2026-02-11 12:10:55,011 - INFO - ==================================================
2026-02-11 12:10:55,011 - INFO - ? Anonymization process completed successfully.
2026-02-11 12:10:55,011 - INFO - Database connection closed.
2026-02-11 12:15:32,388 - INFO - --- Starting AnonifyDB Engine ---
2026-02-11 12:15:32,404 - INFO - Step 1: Generating 100 synthetic records...
2026-02-11 12:15:32,455 - INFO - ?? Starting Stress Test Generator: Creating 100 rows...
2026-02-11 12:15:32,477 - INFO - ? Batch inserted: 100 rows so far...
2026-02-11 12:15:32,478 - INFO - ?? Database populated with 100 synthetic records.
2026-02-11 12:15:32,478 - INFO - Step 2: Starting transformation of 100 records...
2026-02-11 12:15:32,480 - INFO - Transforming data from 'users_raw' to 'users_masked'...
2026-02-11 12:15:32,808 - INFO - Transformation completed successfully.
2026-02-11 12:15:32,809 - INFO - Step 3: Exporting data to CSV...
2026-02-11 12:15:32,810 - INFO - ==================================================
2026-02-11 12:15:32,810 - INFO - ?? PERFORMANCE SUMMARY
2026-02-11 12:15:32,810 - INFO - Total Rows Processed: 100
2026-02-11 12:15:32,810 - INFO - Total Time Taken:     0.41 seconds
2026-02-11 12:15:32,810 - INFO - Throughput:           246.44 rows/sec
2026-02-11 12:15:32,811 - INFO - ==================================================
2026-02-11 12:15:32,811 - INFO - ? Anonymization process completed successfully.
2026-02-11 12:15:32,812 - INFO - Database connection closed.
2026-02-11 12:30:59,041 - INFO - --- Starting AnonifyDB Engine ---
2026-02-11 12:30:59,059 - INFO - --- File Processing Mode Activated ---
2026-02-11 12:30:59,059 - INFO - ?? Reading input file: data/input/sample_users.xlsx
2026-02-11 12:30:59,059 - ERROR - ? An unexpected error occurred: [Errno 2] No such file or directory: 'data/input/sample_users.xlsx'
2026-02-11 12:30:59,060 - INFO - Database connection closed.
2026-02-11 12:33:40,951 - INFO - --- Starting AnonifyDB Engine ---
2026-02-11 12:33:40,966 - INFO - --- File Processing Mode Activated ---
2026-02-11 12:33:40,966 - INFO - ?? Reading input file: data/input/sample_users.json
2026-02-11 12:33:40,967 - ERROR - ? An unexpected error occurred: 'utf-8' codec can't decode byte 0xfc in position 53: invalid start byte
2026-02-11 12:33:40,967 - INFO - Database connection closed.
2026-02-11 12:38:03,526 - INFO - --- Starting AnonifyDB Engine ---
2026-02-11 12:38:03,552 - INFO - --- File Processing Mode Activated ---
2026-02-11 12:38:03,552 - INFO - ?? Reading input file: data/input/sample_users.json
2026-02-11 12:38:03,552 - ERROR - ? An unexpected error occurred: 'utf-8' codec can't decode byte 0xfc in position 53: invalid start byte
2026-02-11 12:38:03,554 - INFO - Database connection closed.
2026-02-11 12:43:36,322 - INFO - --- Starting AnonifyDB Engine ---
2026-02-11 12:43:36,339 - INFO - --- File Processing Mode Activated ---
2026-02-11 12:43:36,339 - INFO - ?? Reading input file: data/input/sample_users.json
2026-02-11 12:43:36,340 - ERROR - ? An unexpected error occurred: 'utf-8' codec can't decode byte 0xfc in position 53: invalid start byte
2026-02-11 12:43:36,340 - INFO - Database connection closed.
2026-02-11 12:45:59,132 - INFO - --- Starting AnonifyDB Engine ---
2026-02-11 12:45:59,147 - INFO - --- File Processing Mode Activated ---
2026-02-11 12:45:59,147 - INFO - ?? Reading input file: data/input/sample_users.json
2026-02-11 12:45:59,148 - ERROR - ? An unexpected error occurred: 'utf-8' codec can't decode byte 0xfc in position 53: invalid start byte
2026-02-11 12:45:59,148 - INFO - Database connection closed.
2026-02-11 12:46:53,616 - INFO - --- Starting AnonifyDB Engine ---
2026-02-11 12:46:53,639 - INFO - --- File Processing Mode Activated ---
2026-02-11 12:46:53,639 - INFO - ?? Reading input file: data/input/sample_users.json
2026-02-11 12:46:53,642 - WARNING - ?? Failed to read with encoding utf-8, trying next...
2026-02-11 12:46:53,660 - INFO - ??  Anonymizing 4 rows...
2026-02-11 12:46:53,730 - INFO - ?? Saving anonymized data to: exports/anonymized_from_file.json
2026-02-11 12:46:53,731 - INFO - ? File anonymization completed.
2026-02-11 12:46:53,731 - INFO - ==================================================
2026-02-11 12:46:53,731 - INFO - ?? PERFORMANCE SUMMARY
2026-02-11 12:46:53,731 - INFO - Total Rows Processed: 100
2026-02-11 12:46:53,732 - INFO - Total Time Taken:     0.09 seconds
2026-02-11 12:46:53,732 - INFO - Throughput:           1085.07 rows/sec
2026-02-11 12:46:53,732 - INFO - ==================================================
2026-02-11 12:46:53,732 - INFO - ? Anonymization process completed successfully.
2026-02-11 12:46:53,732 - INFO - Database connection closed.
2026-02-11 12:58:21,923 - INFO - --- Starting AnonifyDB Engine ---
2026-02-11 12:58:21,940 - INFO - --- File Processing Mode Activated ---
2026-02-11 12:58:21,940 - INFO - ?? Reading input file: data/input/sample_users.json
2026-02-11 12:58:21,947 - INFO - ??  Anonymizing 4 rows...
2026-02-11 12:58:22,019 - INFO - ?? Saving anonymized data to: exports/anonymized_from_file.json
2026-02-11 12:58:22,020 - INFO - ? File anonymization completed.
2026-02-11 12:58:22,020 - INFO - ==================================================
2026-02-11 12:58:22,020 - INFO - ?? PERFORMANCE SUMMARY
2026-02-11 12:58:22,020 - INFO - Total Rows Processed: 100
2026-02-11 12:58:22,021 - INFO - Total Time Taken:     0.08 seconds
2026-02-11 12:58:22,021 - INFO - Throughput:           1244.32 rows/sec
2026-02-11 12:58:22,021 - INFO - ==================================================
2026-02-11 12:58:22,021 - INFO - ? Anonymization process completed successfully.
2026-02-11 12:58:22,024 - INFO - Database connection closed.
